build/app/outputs/mapping/release/seeds.txt
com.example.sensor_tracking_app.MainActivity
com.example.sensor_tracking_app.MainActivity: MainActivity()
...
io.flutter.embedding.engine.FlutterJNI: void notifyLowMemoryWarning()
androidx.window.embedding.EmbeddingCompat: void setSplitRules(java.util.Set)
androidx.window.layout.WindowMetricsCalculatorCompat: void getRectSizeFromDisplay(android.app.Activity,android.graphics.Rect)
androidx.window.embedding.ExtensionEmbeddingBackend$EmbeddingCallbackImpl: void setLastInfo(java.util.List)
androidx.window.embedding.ExtensionEmbeddingBackend: java.util.concurrent.locks.ReentrantLock access$getGlobalLock$cp()
kotlinx.coroutines.EventLoopImplBase: EventLoopImplBase()
io.flutter.embedding.engine.FlutterJNI: boolean nativeFlutterTextUtilsIsEmojiModifierBase(int)
io.flutter.embedding.engine.FlutterJNI: void detachFromNativeAndReleaseResources()
io.flutter.embedding.engine.FlutterJNI: void onRenderingStopped()
io.flutter.embedding.engine.FlutterJNI: void nativeUnregisterTexture(long,long)
io.flutter.view.AccessibilityViewEmbedder: android.view.accessibility.AccessibilityNodeInfo createAccessibilityNodeInfo(int)
io.flutter.embedding.engine.FlutterJNI: void removeEngineLifecycleListener(io.flutter.embedding.engine.FlutterEngine$EngineLifecycleListener)
io.flutter.embedding.engine.FlutterJNI: void nativeInvokePlatformMessageResponseCallback(long,int,java.nio.ByteBuffer,int)
io.flutter.embedding.engine.FlutterJNI: void nativeInit(android.content.Context,java.lang.String[],java.lang.String,java.lang.String,java.lang.String,long)
io.flutter.embedding.engine.FlutterJNI: void nativeLoadDartDeferredLibrary(long,int,java.lang.String[])
androidx.window.layout.WindowMetricsCalculator$Companion: void overrideDecorator(androidx.window.layout.WindowMetricsCalculatorDecorator)
io.flutter.embedding.engine.FlutterJNI: void dispatchSemanticsAction(int,int,java.nio.ByteBuffer,int)
androidx.window.layout.WindowMetricsCalculatorCompat: android.graphics.Point getRealSizeForDisplay$window_release(android.view.Display)
kotlin.coroutines.jvm.internal.ContinuationImpl: void releaseIntercepted()
androidx.window.layout.SidecarCompat$FirstAttachAdapter: void onViewDetachedFromWindow(android.view.View)
androidx.lifecycle.Lifecycle$Event: androidx.lifecycle.Lifecycle$Event[] values()
androidx.window.layout.ExtensionsWindowLayoutInfoAdapter: boolean validBounds(android.app.Activity,androidx.window.core.Bounds)
kotlinx.coroutines.internal.ThreadSafeHeap: ThreadSafeHeap()
androidx.window.embedding.EmbeddingBackend: void registerSplitListenerForActivity(android.app.Activity,java.util.concurrent.Executor,androidx.core.util.Consumer)
io.flutter.view.AccessibilityViewEmbedder: android.view.View platformViewOfNode(int)
androidx.window.layout.WindowInfoTracker$-CC: void overrideDecorator(androidx.window.layout.WindowInfoTrackerDecorator)
androidx.window.layout.SidecarCompat$registerConfigurationChangeListener$configChangeObserver$1: void onLowMemory()
kotlin.coroutines.jvm.internal.BaseContinuationImpl: BaseContinuationImpl(kotlin.coroutines.Continuation)
androidx.window.embedding.SplitRuleParser: java.util.Set parseSplitRules$window_release(android.content.Context,int)
androidx.window.embedding.SplitPairFilter: int hashCode()
io.flutter.plugin.editing.TextInputPlugin$InputTarget$Type: io.flutter.plugin.editing.TextInputPlugin$InputTarget$Type[] values()
androidx.window.embedding.SplitPairRule: int hashCode()
androidx.window.layout.SidecarCompat: void registerConfigurationChangeListener(android.app.Activity)
androidx.window.core.Bounds: int getWidth()
kotlin.jvm.internal.CallableReference: kotlin.reflect.KType getReturnType()
io.flutter.embedding.engine.systemchannels.SettingsChannel$PlatformBrightness: io.flutter.embedding.engine.systemchannels.SettingsChannel$PlatformBrightness[] values()
androidx.window.embedding.EmbeddingCompat$Companion: EmbeddingCompat$Companion(kotlin.jvm.internal.DefaultConstructorMarker)
androidx.window.core.Version$Companion: androidx.window.core.Version getCURRENT()