build/app/outputs/mapping/release/mapping.txt
# compiler: R8
# compiler_version: 3.3.70
# min_api: 20
# common_typos_disable
# {"id":"com.android.tools.r8.mapping","version":"2.0"}
# pg_map_id: 27f44b7
# pg_map_hash: SHA-256 27f44b700a2a830894c188a8f2a4a7daff30ae48bb7dc4360ef22ca869f86c56
...
io.flutter.embedding.engine.renderer.FlutterRenderer$SurfaceTextureFinalizerRunnable -> c0.a$e:
    long id -> d
    io.flutter.embedding.engine.FlutterJNI flutterJNI -> e
io.flutter.embedding.engine.renderer.FlutterRenderer$SurfaceTextureRegistryEntry -> c0.a$f:
    io.flutter.view.TextureRegistry$OnFrameConsumedListener frameConsumedListener -> e
    io.flutter.embedding.engine.renderer.SurfaceTextureWrapper textureWrapper -> b
    java.lang.Runnable onFrameConsumed -> f
    long id -> a
    io.flutter.view.TextureRegistry$OnTrimMemoryListener trimMemoryListener -> d
    boolean released -> c
    android.graphics.SurfaceTexture$OnFrameAvailableListener onFrameListener -> g
    io.flutter.embedding.engine.renderer.FlutterRenderer this$0 -> h
    long id() -> a
    void setOnTrimMemoryListener(io.flutter.view.TextureRegistry$OnTrimMemoryListener) -> b
    void setOnFrameConsumedListener(io.flutter.view.TextureRegistry$OnFrameConsumedListener) -> c
    android.graphics.SurfaceTexture surfaceTexture() -> d
    io.flutter.view.TextureRegistry$OnFrameConsumedListener access$100(io.flutter.embedding.engine.renderer.FlutterRenderer$SurfaceTextureRegistryEntry) -> e
    boolean access$200(io.flutter.embedding.engine.renderer.FlutterRenderer$SurfaceTextureRegistryEntry) -> f
    long access$400(io.flutter.embedding.engine.renderer.FlutterRenderer$SurfaceTextureRegistryEntry) -> g
    io.flutter.embedding.engine.renderer.SurfaceTextureWrapper textureWrapper() -> h
io.flutter.embedding.engine.renderer.FlutterRenderer$SurfaceTextureRegistryEntry$$ExternalSyntheticApiModelOutline0 -> c0.b:
# {"id":"sourceFile","fileName":"R8$$SyntheticClass"}
# {"id":"com.android.tools.r8.synthesized"}
    void io.flutter.embedding.engine.renderer.FlutterRenderer$SurfaceTextureRegistryEntry$$InternalSyntheticApiModelOutline$3$94cf53601e2b3dba48150a38a02c2ffb6f6f636971bfaf5ca2f1473c12308333$0.m(android.graphics.SurfaceTexture,android.graphics.SurfaceTexture$OnFrameAvailableListener,android.os.Handler) -> a
      # {"id":"com.android.tools.r8.synthesized"}
io.flutter.embedding.engine.renderer.FlutterRenderer$SurfaceTextureRegistryEntry$1 -> c0.a$f$a:
    io.flutter.embedding.engine.renderer.FlutterRenderer$SurfaceTextureRegistryEntry this$1 -> d
io.flutter.embedding.engine.renderer.FlutterRenderer$SurfaceTextureRegistryEntry$2 -> c0.a$f$b:
    io.flutter.embedding.engine.renderer.FlutterRenderer$SurfaceTextureRegistryEntry this$1 -> a
io.flutter.embedding.engine.renderer.FlutterRenderer$ViewportMetrics -> c0.a$g:
    int systemGestureInsetBottom -> n
    int systemGestureInsetLeft -> o
    java.util.List displayFeatures -> q
    int systemGestureInsetTop -> l
    int systemGestureInsetRight -> m
    int viewInsetBottom -> j
    int viewInsetLeft -> k
    int viewInsetTop -> h
    int viewInsetRight -> i
    int viewPaddingBottom -> f
    int viewPaddingLeft -> g
    int viewPaddingTop -> d
    float devicePixelRatio -> a
    int viewPaddingRight -> e
    int width -> b
    int height -> c
    int physicalTouchSlop -> p
    boolean validate() -> a
io.flutter.embedding.engine.renderer.FlutterUiDisplayListener -> c0.c:
    void onFlutterUiNoLongerDisplayed() -> b
    void onFlutterUiDisplayed() -> e
io.flutter.embedding.engine.renderer.RenderSurface -> c0.d:
    void pause() -> a
    void attachToRenderer(io.flutter.embedding.engine.renderer.FlutterRenderer) -> b
    void detachFromRenderer() -> c