build/app/outputs/mapping/release/usage.txt
com.example.sensor_tracking_app.BuildConfig
com.example.sensor_tracking_app.R$attr
com.example.sensor_tracking_app.R$color
com.example.sensor_tracking_app.R$dimen
com.example.sensor_tracking_app.R$drawable
com.example.sensor_tracking_app.R$id
com.example.sensor_tracking_app.R$integer
com.example.sensor_tracking_app.R$layout
com.example.sensor_tracking_app.R$mipmap
com.example.sensor_tracking_app.R$string
com.example.sensor_tracking_app.R$style
com.example.sensor_tracking_app.R$styleable
com.example.sensor_tracking_app.R
...
kotlinx.coroutines.flow.StartedLazily
kotlinx.coroutines.flow.StartedWhileSubscribed$command$1
kotlinx.coroutines.flow.StartedWhileSubscribed$command$2
kotlinx.coroutines.flow.StartedWhileSubscribed
kotlinx.coroutines.flow.StateFlow
kotlinx.coroutines.flow.StateFlowImpl$collect$1
kotlinx.coroutines.flow.StateFlowImpl
kotlinx.coroutines.flow.StateFlowKt
kotlinx.coroutines.flow.StateFlowSlot
kotlinx.coroutines.flow.SubscribedFlowCollector$onSubscription$1
kotlinx.coroutines.flow.SubscribedFlowCollector
kotlinx.coroutines.flow.SubscribedSharedFlow
kotlinx.coroutines.flow.ThrowingCollector
kotlinx.coroutines.flow.internal.AbortFlowException
kotlinx.coroutines.flow.internal.AbstractSharedFlow
kotlinx.coroutines.flow.internal.AbstractSharedFlowKt
kotlinx.coroutines.flow.internal.AbstractSharedFlowSlot
kotlinx.coroutines.flow.internal.ChannelFlow$collect$2
kotlinx.coroutines.flow.internal.ChannelFlow$collectToFun$1
kotlinx.coroutines.flow.internal.ChannelFlow
kotlinx.coroutines.flow.internal.ChannelFlowKt
kotlinx.coroutines.flow.internal.ChannelFlowMerge$collectTo$$inlined$collect$1$1
kotlinx.coroutines.flow.internal.ChannelFlowMerge$collectTo$$inlined$collect$1
kotlinx.coroutines.flow.internal.ChannelFlowMerge$collectTo$2$1
kotlinx.coroutines.flow.internal.ChannelFlowMerge
kotlinx.coroutines.flow.internal.ChannelFlowOperator$collectWithContextUndispatched$2
kotlinx.coroutines.flow.internal.ChannelFlowOperator
kotlinx.coroutines.flow.internal.ChannelFlowOperatorImpl
kotlinx.coroutines.flow.internal.ChannelFlowTransformLatest$flowCollect$3$1$2
kotlinx.coroutines.flow.internal.ChannelFlowTransformLatest$flowCollect$3$invokeSuspend$$inlined$collect$1$1
kotlinx.coroutines.flow.internal.ChannelFlowTransformLatest$flowCollect$3$invokeSuspend$$inlined$collect$1
kotlinx.coroutines.flow.internal.ChannelFlowTransformLatest$flowCollect$3
kotlinx.coroutines.flow.internal.ChannelFlowTransformLatest
kotlinx.coroutines.flow.internal.ChannelLimitedFlowMerge$collectTo$2$1
kotlinx.coroutines.flow.internal.ChannelLimitedFlowMerge
kotlinx.coroutines.flow.internal.ChildCancelledException
kotlinx.coroutines.flow.internal.CombineKt$combineInternal$2$1$invokeSuspend$$inlined$collect$1$1
kotlinx.coroutines.flow.internal.CombineKt$combineInternal$2$1$invokeSuspend$$inlined$collect$1
kotlinx.coroutines.flow.internal.CombineKt$combineInternal$2$1
kotlinx.coroutines.flow.internal.CombineKt$combineInternal$2
kotlinx.coroutines.flow.internal.CombineKt$zipImpl$$inlined$unsafeFlow$1
kotlinx.coroutines.flow.internal.CombineKt$zipImpl$1$1$1
kotlinx.coroutines.flow.internal.CombineKt$zipImpl$1$1$2$1$1
kotlinx.coroutines.flow.internal.CombineKt$zipImpl$1$1$2$invokeSuspend$$inlined$collect$1
kotlinx.coroutines.flow.internal.CombineKt$zipImpl$1$1$2
kotlinx.coroutines.flow.internal.CombineKt$zipImpl$1$1$second$1$invokeSuspend$$inlined$collect$1
kotlinx.coroutines.flow.internal.CombineKt$zipImpl$1$1$second$1
kotlinx.coroutines.flow.internal.CombineKt$zipImpl$1$1
kotlinx.coroutines.flow.internal.CombineKt
kotlinx.coroutines.flow.internal.FlowCoroutine
kotlinx.coroutines.flow.internal.FlowCoroutineKt$scopedFlow$$inlined$unsafeFlow$1
kotlinx.coroutines.flow.internal.FlowCoroutineKt$scopedFlow$1$1
kotlinx.coroutines.flow.internal.FlowCoroutineKt
kotlinx.coroutines.flow.internal.FlowExceptions_commonKt
kotlinx.coroutines.flow.internal.FlowProduceCoroutine
kotlinx.coroutines.flow.internal.FusibleFlow$DefaultImpls
kotlinx.coroutines.flow.internal.FusibleFlow
kotlinx.coroutines.flow.internal.NopCollector
kotlinx.coroutines.flow.internal.NullSurrogateKt
kotlinx.coroutines.flow.internal.SafeCollectorKt:
    private static synthetic void getEmitFun$annotations()
kotlinx.coroutines.flow.internal.SafeCollector_commonKt$unsafeFlow$1$collect$1
kotlinx.coroutines.flow.internal.SafeCollector_commonKt$unsafeFlow$1
kotlinx.coroutines.flow.internal.SafeCollector_commonKt:
    public static final kotlinx.coroutines.flow.Flow unsafeFlow(kotlin.jvm.functions.Function2)